============================= test session starts ==============================
platform linux -- Python 3.6.15, pytest-6.2.5, py-1.10.0, pluggy-1.0.0
rootdir: /lustre/orion/bif148/scratch/erikgarrison/emender/.wg-worktrees/agent-991, configfile: pyproject.toml
collected 56 items

tests/test_e97_async_256_promotion.py .................................. [ 60%]
......................                                                   [100%]

============================== 56 passed in 6.91s ==============================
